width: 13, height: 13
80	78	74	73	70	66	63	61	58	57	56	53	52
86	90	88	87	82	78	73	70	65	62	57	51	49
83	90	89	84	79	77	73	68	62	57	53	51	46
80	88	84	92	86	81	73	68	60	56	51	47	42
77	85	80	92	86	80	75	68	60	54	47	42	40
73	80	76	86	89	84	75	67	60	51	43	39	34
72	77	73	78	84	77	72	66	57	49	42	35	30
68	73	68	71	76	70	66	59	50	44	35	29	24
65	67	65	64	68	63	59	52	43	35	31	27	21
61	61	60	60	59	57	54	46	37	29	23	19	14
57	56	54	56	53	50	45	39	31	25	20	15	11
57	56	52	52	47	42	39	35	29	23	16	9	8
55	51	48	46	44	38	31	27	21	16	11	6	3
Path is: [0, 0] with heatloss: 80
Found bifurcation at [0, 10]


#80	#78	#74	#73	#70	#66	#63	#61	#58	#57	#56	#53	52
86	90	88	87	82	78	73	70	65	62	57	#51	#49
83	90	89	84	79	77	73	68	62	57	53	51	#46
80	88	84	92	86	81	73	68	60	56	51	47	#42
77	85	80	92	86	80	75	68	60	54	47	42	#40
73	80	76	86	89	84	75	67	60	51	43	39	#34
72	77	73	78	84	77	72	66	57	49	42	35	#30
68	73	68	71	76	70	66	59	50	44	35	29	#24
65	67	65	64	68	63	59	52	43	35	31	27	#21
61	61	60	60	59	57	54	46	37	29	23	19	#14
57	56	54	56	53	50	45	39	31	25	20	15	#11
57	56	52	52	47	42	39	35	29	23	16	9	#8
55	51	48	46	44	38	31	27	21	16	11	6	#3
Atered path: 
Working at position 0 -> [0, 0], dir: r, dir_count: 1
 - With path: [[0, 0], [0, 1], [0, 2]]
Working at position 1 -> [0, 1], dir: r, dir_count: 2
 - With path: [[0, 0], [0, 1], [0, 2], [0, 3]]
Working at position 2 -> [0, 2], dir: r, dir_count: 3
 - With path: [[0, 0], [0, 1], [0, 2], [0, 3], [0, 4]]
Working at position 1 -> [0, 1], dir: r, dir_count: 2
 - With path: [[0, 0], [0, 1], [0, 2], None]
Working at position 2 -> [0, 2], dir: r, dir_count: 3
 - With path: [[0, 0], [0, 1], [0, 2], None, None]
